<?xml version="1.0" encoding="UTF-8"?>
<!-- Generated by org.testng.reporters.JUnitXMLReporter -->
<testsuite hostname="MANISHREDDY" name="Default test" tests="3" failures="0" timestamp="25 Sep 2020 03:31:15 GMT" time="90.611" errors="0">
  <testcase name="addemp" time="52.148" classname="mypack.Testcase1"/>
  <testcase name="mouseover" time="15.154" classname="mypack.Testcase1"/>
  <testcase name="verifylogin" time="23.286" classname="mypack.Testcase1"/>
</testsuite> <!-- Default test -->
